app/build/outputs/logs/manifest-merger-debug-report.txt
-- Merging decision tree log ---
manifest
ADDED from src\main\AndroidManifest.xml:2:1-380:12
	package
		ADDED from src\main\AndroidManifest.xml:3:5-47
		INJECTED from src\main\AndroidManifest.xml
		INJECTED from src\main\AndroidManifest.xml
	android:versionName
		INJECTED from src\main\AndroidManifest.xml
		INJECTED from src\main\AndroidManifest.xml
	xmlns:android
		ADDED from src\main\AndroidManifest.xml:2:11-69
	android:versionCode
		INJECTED from src\main\AndroidManifest.xml
		INJECTED from src\main\AndroidManifest.xml
uses-permission#android.permission.WAKE_LOCK
ADDED from src\main\AndroidManifest.xml:5:5-68
	android:name
		ADDED from src\main\AndroidManifest.xml:5:22-65
uses-permission#android.permission.READ_EXTERNAL_STORAGE
ADDED from src\main\AndroidManifest.xml:6:5-80
MERGED from [com.lzy.net:okgo:2.0.0] AndroidManifest.xml:12:5-80
MERGED from [com.lzy.widget:imagepicker:0.3.2] AndroidManifest.xml:16:5-80
	android:name
		ADDED from src\main\AndroidManifest.xml:6:22-77
uses-permission#android.permission.WRITE_EXTERNAL_STORAGE
ADDED from src\main\AndroidManifest.xml:7:5-81
MERGED from [com.lzy.net:okgo:2.0.0] AndroidManifest.xml:13:5-81
MERGED from [com.lzy.widget:imagepicker:0.3.2] AndroidManifest.xml:14:5-81
	android:name
		ADDED from src\main\AndroidManifest.xml:7:22-78
uses-permission#android.permission.ACCESS_NETWORK_STATE
ADDED from src\main\AndroidManifest.xml:8:5-79
	android:name
		ADDED from src\main\AndroidManifest.xml:8:22-76
uses-permission#android.permission.GET_TASKS
ADDED from src\main\AndroidManifest.xml:12:5-68
	android:name
		ADDED from src\main\AndroidManifest.xml:12:22-65
uses-permission#android.permission.INTERNET
ADDED from src\main\AndroidManifest.xml:13:5-67
MERGED from [com.lzy.net:okgo:2.0.0] AndroidManifest.xml:11:5-67
	android:name
		ADDED from src\main\AndroidManifest.xml:13:22-64
uses-permission#android.permission.ACCESS_WIFI_STATE
ADDED from src\main\AndroidManifest.xml:14:5-76
	android:name
		ADDED from src\main\AndroidManifest.xml:14:22-73
uses-permission#android.permission.CHANGE_WIFI_STATE
ADDED from src\main\AndroidManifest.xml:16:5-76
	android:name
		ADDED from src\main\AndroidManifest.xml:16:22-73
uses-permission#android.permission.READ_PHONE_STATE
ADDED from src\main\AndroidManifest.xml:18:5-75
	android:name
		ADDED from src\main\AndroidManifest.xml:18:22-72
uses-permission#android.permission.MANAGE_ACCOUNTS
ADDED from src\main\AndroidManifest.xml:19:5-73
	android:name
		ADDED from src\main\AndroidManifest.xml:19:22-71
uses-permission#android.permission.GET_ACCOUNTS
ADDED from src\main\AndroidManifest.xml:20:5-70
	android:name
		ADDED from src\main\AndroidManifest.xml:20:22-68
uses-permission#android.permission.BLUETOOTH_ADMIN
ADDED from src\main\AndroidManifest.xml:40:5-73
	android:name
		ADDED from src\main\AndroidManifest.xml:40:22-71
uses-permission#android.permission.PREVENT_POWER_KEY
ADDED from src\main\AndroidManifest.xml:41:5-75
	android:name
		ADDED from src\main\AndroidManifest.xml:41:22-73
application
ADDED from src\main\AndroidManifest.xml:42:5-379:19
MERGED from [com.android.support:cardview-v7:24.2.1] AndroidManifest.xml:22:5-20
MERGED from [com.android.support:design:24.2.1] AndroidManifest.xml:22:5-20
MERGED from [com.android.support:support-v4:24.2.1] AndroidManifest.xml:25:5-20
MERGED from [com.android.support:support-compat:24.2.1] AndroidManifest.xml:25:5-20
MERGED from [com.android.support:support-media-compat:24.2.1] AndroidManifest.xml:25:5-20
MERGED from [com.android.support:support-core-utils:24.2.1] AndroidManifest.xml:25:5-20
MERGED from [com.android.support:support-core-ui:24.2.1] AndroidManifest.xml:25:5-20
MERGED from [com.android.support:support-fragment:24.2.1] AndroidManifest.xml:25:5-20
MERGED from [com.android.support:appcompat-v7:24.2.1] AndroidManifest.xml:25:5-20
MERGED from [com.android.support:support-vector-drawable:24.2.1] AndroidManifest.xml:23:5-20
MERGED from [com.android.support:animated-vector-drawable:24.2.1] AndroidManifest.xml:22:5-20
MERGED from [de.hdodenhof:circleimageview:1.3.0] AndroidManifest.xml:9:5-20
MERGED from [com.github.johnpersano:supertoasts:1.3.4] AndroidManifest.xml:5:5-19
MERGED from [com.flyco.tablayout:FlycoTabLayout_Lib:2.0.8] AndroidManifest.xml:11:5-14:19
MERGED from [com.lzy.net:okserver:1.1.0] AndroidManifest.xml:11:5-13:19
MERGED from [:SMSSDK-2.1.2:] AndroidManifest.xml:11:5-12:19
MERGED from [:SMSSDKGUI-2.1.2:] AndroidManifest.xml:11:5-12:19
MERGED from [com.lzy.widget:imagepicker:0.3.2] AndroidManifest.xml:20:5-35:19
MERGED from [com.afollestad.material-dialogs:commons:0.9.0.2] AndroidManifest.xml:12:5-20
MERGED from [com.afollestad.material-dialogs:core:0.9.0.2] AndroidManifest.xml:13:5-20
MERGED from [WaiBaoFBEPUB:recyclerview-swipe:unspecified] AndroidManifest.xml:10:5-20
	android:label
		ADDED from src\main\AndroidManifest.xml:46:9-41
	android:supportsRtl
		ADDED from [com.flyco.tablayout:FlycoTabLayout_Lib:2.0.8] AndroidManifest.xml:13:9-35
	android:allowBackup
		ADDED from src\main\AndroidManifest.xml:44:9-35
	android:icon
		ADDED from src\main\AndroidManifest.xml:45:9-36
	android:theme
		ADDED from src\main\AndroidManifest.xml:48:9-40
	android:logo
		ADDED from src\main\AndroidManifest.xml:47:9-36
	android:name
		ADDED from src\main\AndroidManifest.xml:43:9-75
activity#com.sxzx.SplashActivity
ADDED from src\main\AndroidManifest.xml:49:9-56:20
	android:theme
		ADDED from src\main\AndroidManifest.xml:50:13-71
	android:name
		ADDED from src\main\AndroidManifest.xml:51:13-51
intent-filter#android.intent.action.MAIN+android.intent.category.LAUNCHER
ADDED from src\main\AndroidManifest.xml:52:13-55:29
action#android.intent.action.MAIN
ADDED from src\main\AndroidManifest.xml:53:17-69
	android:name
		ADDED from src\main\AndroidManifest.xml:53:25-66
category#android.intent.category.LAUNCHER
ADDED from src\main\AndroidManifest.xml:54:17-77
	android:name
		ADDED from src\main\AndroidManifest.xml:54:27-74
activity#com.sxzx.MainActivity
ADDED from src\main\AndroidManifest.xml:57:9-61:20
	android:theme
		ADDED from src\main\AndroidManifest.xml:59:13-44
	android:name
		ADDED from src\main\AndroidManifest.xml:58:13-49
activity#com.sxzx.GuideActivity
ADDED from src\main\AndroidManifest.xml:62:9-64:52
	android:theme
		ADDED from src\main\AndroidManifest.xml:63:13-71
	android:name
		ADDED from src\main\AndroidManifest.xml:64:13-50
activity#com.sxzx.MenuActivity
ADDED from src\main\AndroidManifest.xml:65:9-57
	android:name
		ADDED from src\main\AndroidManifest.xml:65:19-55
activity#com.sxzx.SearchActivity
ADDED from src\main\AndroidManifest.xml:66:9-59
	android:name
		ADDED from src\main\AndroidManifest.xml:66:19-57
activity#com.sxzx.LoginActivity
ADDED from src\main\AndroidManifest.xml:67:9-58
	android:name
		ADDED from src\main\AndroidManifest.xml:67:19-56
activity#com.sxzx.Verify1Activity
ADDED from src\main\AndroidManifest.xml:68:9-60
	android:name
		ADDED from src\main\AndroidManifest.xml:68:19-58
activity#com.sxzx.SettingActivity
ADDED from src\main\AndroidManifest.xml:69:9-60
	android:name
		ADDED from src\main\AndroidManifest.xml:69:19-58
activity#com.sxzx.InformationActivity
ADDED from src\main\AndroidManifest.xml:70:9-64
	android:name
		ADDED from src\main\AndroidManifest.xml:70:19-62
activity#com.sxzx.MessageActivity
ADDED from src\main\AndroidManifest.xml:71:9-73:54
	android:name
		ADDED from src\main\AndroidManifest.xml:73:13-52
activity#com.sxzx.BookDetailActivity
ADDED from src\main\AndroidManifest.xml:74:9-76:57
	android:theme
		ADDED from src\main\AndroidManifest.xml:75:13-45
	android:name
		ADDED from src\main\AndroidManifest.xml:76:13-55
activity#com.sxzx.InfoDetailsActivity
ADDED from src\main\AndroidManifest.xml:77:9-64
	android:name
		ADDED from src\main\AndroidManifest.xml:77:19-62
activity#com.sxzx.ReadDetilActivity
ADDED from src\main\AndroidManifest.xml:78:9-62
	android:name
		ADDED from src\main\AndroidManifest.xml:78:19-60
activity#com.sxzx.ResetPasswordActivity
ADDED from src\main\AndroidManifest.xml:79:9-66
	android:name
		ADDED from src\main\AndroidManifest.xml:79:19-64
activity#com.sxzx.NoteInfoActivity
ADDED from src\main\AndroidManifest.xml:80:9-61
	android:name
		ADDED from src\main\AndroidManifest.xml:80:19-59
activity#com.sxzx.AboutActivity
ADDED from src\main\AndroidManifest.xml:81:9-58
	android:name
		ADDED from src\main\AndroidManifest.xml:81:19-56
activity#com.sxzx.FeedbackActivity
ADDED from src\main\AndroidManifest.xml:82:9-61
	android:name
		ADDED from src\main\AndroidManifest.xml:82:19-59
activity#com.mob.tools.MobUIShell
ADDED from src\main\AndroidManifest.xml:86:9-105:20
	android:screenOrientation
		ADDED from src\main\AndroidManifest.xml:90:13-49
	android:windowSoftInputMode
		ADDED from src\main\AndroidManifest.xml:91:13-67
	android:configChanges
		ADDED from src\main\AndroidManifest.xml:89:13-74
	android:theme
		ADDED from src\main\AndroidManifest.xml:88:13-72
	android:name
		ADDED from src\main\AndroidManifest.xml:87:13-52
intent-filter#android.intent.action.VIEW+android.intent.category.BROWSABLE+android.intent.category.DEFAULT
ADDED from src\main\AndroidManifest.xml:93:13-98:29
data
ADDED from src\main\AndroidManifest.xml:94:17-59
	android:scheme
		ADDED from src\main\AndroidManifest.xml:94:23-56
action#android.intent.action.VIEW
ADDED from src\main\AndroidManifest.xml:95:17-69
	android:name
		ADDED from src\main\AndroidManifest.xml:95:25-66
category#android.intent.category.BROWSABLE
ADDED from src\main\AndroidManifest.xml:96:17-78
	android:name
		ADDED from src\main\AndroidManifest.xml:96:27-75
category#android.intent.category.DEFAULT
ADDED from src\main\AndroidManifest.xml:97:17-76
	android:name
		ADDED from src\main\AndroidManifest.xml:97:27-73
intent-filter#android.intent.category.DEFAULT+com.sina.weibo.sdk.action.ACTION_SDK_REQ_ACTIVITY
ADDED from src\main\AndroidManifest.xml:101:13-104:29
action#com.sina.weibo.sdk.action.ACTION_SDK_REQ_ACTIVITY
ADDED from src\main\AndroidManifest.xml:102:17-92
	android:name
		ADDED from src\main\AndroidManifest.xml:102:25-89
activity#com.example.lxj.wxapi.WXEntryActivity
ADDED from src\main\AndroidManifest.xml:108:9-113:52
	android:screenOrientation
		ADDED from src\main\AndroidManifest.xml:113:13-49
	android:exported
		ADDED from src\main\AndroidManifest.xml:112:13-36
	android:configChanges
		ADDED from src\main\AndroidManifest.xml:111:13-74
	android:theme
		ADDED from src\main\AndroidManifest.xml:110:13-72
	android:name
		ADDED from src\main\AndroidManifest.xml:109:13-65
activity#com.koolearn.android.kooreader.KooReader
ADDED from src\main\AndroidManifest.xml:121:9-234:20
	android:label
		ADDED from src\main\AndroidManifest.xml:125:13-45
	android:launchMode
		ADDED from src\main\AndroidManifest.xml:126:13-44
	android:configChanges
		ADDED from src\main\AndroidManifest.xml:123:13-74
	android:icon
		ADDED from src\main\AndroidManifest.xml:124:13-47
	android:name
		ADDED from src\main\AndroidManifest.xml:122:13-68
intent-filter#android.intent.category.DEFAULT+android.kooreader.action.VIEW
ADDED from src\main\AndroidManifest.xml:127:13-130:29
action#android.kooreader.action.VIEW
ADDED from src\main\AndroidManifest.xml:128:17-72
	android:name
		ADDED from src\main\AndroidManifest.xml:128:25-69
intent-filter#android.intent.action.VIEW+android.intent.category.DEFAULT
ADDED from src\main\AndroidManifest.xml:136:13-140:29
intent-filter#android.intent.category.DEFAULT+android.kooreader.action.PLUGIN
ADDED from src\main\AndroidManifest.xml:141:13-144:29
action#android.kooreader.action.PLUGIN
ADDED from src\main\AndroidManifest.xml:142:17-74
	android:name
		ADDED from src\main\AndroidManifest.xml:142:25-71
intent-filter#android.intent.action.SEARCH
ADDED from src\main\AndroidManifest.xml:220:13-222:29
action#android.intent.action.SEARCH
ADDED from src\main\AndroidManifest.xml:221:17-71
	android:name
		ADDED from src\main\AndroidManifest.xml:221:25-68
meta-data#android.app.searchable
ADDED from src\main\AndroidManifest.xml:223:13-225:54
	android:resource
		ADDED from src\main\AndroidManifest.xml:225:17-51
	android:name
		ADDED from src\main\AndroidManifest.xml:224:17-54
intent-filter#android.intent.category.DEFAULT+android.kooreader.action.CLOSE
ADDED from src\main\AndroidManifest.xml:226:13-229:29
action#android.kooreader.action.CLOSE
ADDED from src\main\AndroidManifest.xml:227:17-73
	android:name
		ADDED from src\main\AndroidManifest.xml:227:25-70
intent-filter#android.intent.category.DEFAULT+android.kooreader.action.PLUGIN_CRASH
ADDED from src\main\AndroidManifest.xml:230:13-233:29
action#android.kooreader.action.PLUGIN_CRASH
ADDED from src\main\AndroidManifest.xml:231:17-80
	android:name
		ADDED from src\main\AndroidManifest.xml:231:25-77
activity#com.koolearn.android.kooreader.TOCActivity
ADDED from src\main\AndroidManifest.xml:236:9-238:77
	android:configChanges
		ADDED from src\main\AndroidManifest.xml:238:13-74
	android:name
		ADDED from src\main\AndroidManifest.xml:237:13-70
activity#com.koolearn.android.kooreader.preferences.PreferenceActivity
ADDED from src\main\AndroidManifest.xml:239:9-252:20
	android:process
		ADDED from src\main\AndroidManifest.xml:242:13-43
	android:configChanges
		ADDED from src\main\AndroidManifest.xml:241:13-74
	android:name
		ADDED from src\main\AndroidManifest.xml:240:13-89
intent-filter#android.intent.category.DEFAULT+android.kooreader.action.PREFERENCES
ADDED from src\main\AndroidManifest.xml:248:13-251:29
action#android.kooreader.action.PREFERENCES
ADDED from src\main\AndroidManifest.xml:249:17-79
	android:name
		ADDED from src\main\AndroidManifest.xml:249:25-76
activity#com.koolearn.klibrary.ui.android.error.BugReportActivity
ADDED from src\main\AndroidManifest.xml:253:9-258:40
	android:process
		ADDED from src\main\AndroidManifest.xml:258:13-37
	android:label
		ADDED from src\main\AndroidManifest.xml:257:13-44
	android:exported
		ADDED from src\main\AndroidManifest.xml:256:13-37
	android:configChanges
		ADDED from src\main\AndroidManifest.xml:255:13-74
	android:name
		ADDED from src\main\AndroidManifest.xml:254:13-84
activity#com.koolearn.android.kooreader.library.LibraryActivity
ADDED from src\main\AndroidManifest.xml:259:9-268:20
	android:process
		ADDED from src\main\AndroidManifest.xml:263:13-39
	android:launchMode
		ADDED from src\main\AndroidManifest.xml:262:13-44
	android:configChanges
		ADDED from src\main\AndroidManifest.xml:261:13-74
	android:name
		ADDED from src\main\AndroidManifest.xml:260:13-82
intent-filter#android.intent.category.DEFAULT+android.kooreader.action.LIBRARY
ADDED from src\main\AndroidManifest.xml:264:13-267:29
action#android.kooreader.action.LIBRARY
ADDED from src\main\AndroidManifest.xml:265:17-75
	android:name
		ADDED from src\main\AndroidManifest.xml:265:25-72
activity#com.koolearn.android.kooreader.bookmark.EditBookmarkActivity
ADDED from src\main\AndroidManifest.xml:269:9-277:20
	android:configChanges
		ADDED from src\main\AndroidManifest.xml:271:13-74
	android:theme
		ADDED from src\main\AndroidManifest.xml:272:13-52
	android:name
		ADDED from src\main\AndroidManifest.xml:270:13-88
intent-filter#android.fbreader.action.EDIT_BOOKMARK+android.intent.category.DEFAULT
ADDED from src\main\AndroidManifest.xml:273:13-276:29
action#android.fbreader.action.EDIT_BOOKMARK
ADDED from src\main\AndroidManifest.xml:274:17-80
	android:name
		ADDED from src\main\AndroidManifest.xml:274:25-77
activity#com.koolearn.android.kooreader.bookmark.EditStyleActivity
ADDED from src\main\AndroidManifest.xml:278:9-286:20
	android:configChanges
		ADDED from src\main\AndroidManifest.xml:280:13-74
	android:theme
		ADDED from src\main\AndroidManifest.xml:281:13-52
	android:name
		ADDED from src\main\AndroidManifest.xml:279:13-85
intent-filter#android.fbreader.action.EDIT_STYLES+android.intent.category.DEFAULT
ADDED from src\main\AndroidManifest.xml:282:13-285:29
action#android.fbreader.action.EDIT_STYLES
ADDED from src\main\AndroidManifest.xml:283:17-78
	android:name
		ADDED from src\main\AndroidManifest.xml:283:25-75
service#com.koolearn.android.kooreader.libraryService.LibraryService
ADDED from src\main\AndroidManifest.xml:288:9-295:19
	android:process
		ADDED from src\main\AndroidManifest.xml:291:13-46
	android:launchMode
		ADDED from src\main\AndroidManifest.xml:290:13-44
	android:name
		ADDED from src\main\AndroidManifest.xml:289:13-88
intent-filter#android.kooreader.action.LIBRARY_SERVICE
ADDED from src\main\AndroidManifest.xml:292:13-294:29
action#android.kooreader.action.LIBRARY_SERVICE
ADDED from src\main\AndroidManifest.xml:293:17-83
	android:name
		ADDED from src\main\AndroidManifest.xml:293:25-80
service#com.koolearn.android.kooreader.config.ConfigService
ADDED from src\main\AndroidManifest.xml:296:9-303:19
	android:process
		ADDED from src\main\AndroidManifest.xml:299:13-45
	android:launchMode
		ADDED from src\main\AndroidManifest.xml:298:13-44
	android:name
		ADDED from src\main\AndroidManifest.xml:297:13-79
intent-filter#android.kooreader.action.CONFIG_SERVICE
ADDED from src\main\AndroidManifest.xml:300:13-302:29
action#android.kooreader.action.CONFIG_SERVICE
ADDED from src\main\AndroidManifest.xml:301:17-82
	android:name
		ADDED from src\main\AndroidManifest.xml:301:25-79
activity#com.alipay.sdk.app.H5PayActivity
ADDED from src\main\AndroidManifest.xml:367:9-372:20
	android:screenOrientation
		ADDED from src\main\AndroidManifest.xml:371:13-47
	android:exported
		ADDED from src\main\AndroidManifest.xml:370:13-37
	android:configChanges
		ADDED from src\main\AndroidManifest.xml:369:13-74
	android:name
		ADDED from src\main\AndroidManifest.xml:368:13-60
activity#com.alipay.sdk.auth.AuthActivity
ADDED from src\main\AndroidManifest.xml:373:9-378:20
	android:screenOrientation
		ADDED from src\main\AndroidManifest.xml:377:13-47
	android:exported
		ADDED from src\main\AndroidManifest.xml:376:13-37
	android:configChanges
		ADDED from src\main\AndroidManifest.xml:375:13-74
	android:name
		ADDED from src\main\AndroidManifest.xml:374:13-60
uses-sdk
INJECTED from src\main\AndroidManifest.xml reason: use-sdk injection requested
MERGED from [com.android.support:multidex:1.0.1] AndroidManifest.xml:18:5-42
MERGED from [com.android.support:cardview-v7:24.2.1] AndroidManifest.xml:20:5-43
MERGED from [com.android.support:design:24.2.1] AndroidManifest.xml:20:5-43
MERGED from [com.android.support:support-v4:24.2.1] AndroidManifest.xml:21:5-23:54
MERGED from [com.android.support:support-compat:24.2.1] AndroidManifest.xml:21:5-23:58
MERGED from [com.android.support:support-media-compat:24.2.1] AndroidManifest.xml:21:5-23:63
MERGED from [com.android.support:support-core-utils:24.2.1] AndroidManifest.xml:21:5-23:61
MERGED from [com.android.support:support-core-ui:24.2.1] AndroidManifest.xml:21:5-23:58
MERGED from [com.android.support:support-fragment:24.2.1] AndroidManifest.xml:21:5-23:60
MERGED from [com.android.support:appcompat-v7:24.2.1] AndroidManifest.xml:21:5-23:78
MERGED from [com.android.support:support-vector-drawable:24.2.1] AndroidManifest.xml:21:5-43
MERGED from [com.android.support:animated-vector-drawable:24.2.1] AndroidManifest.xml:20:5-44
MERGED from [com.android.support:recyclerview-v7:24.2.1] AndroidManifest.xml:20:5-43
MERGED from [de.hdodenhof:circleimageview:1.3.0] AndroidManifest.xml:5:5-7:41
MERGED from [com.github.dmytrodanylyk.android-process-button:library:1.0.0] AndroidManifest.xml:2:5-73
MERGED from [com.github.johnpersano:supertoasts:1.3.4] AndroidManifest.xml:3:5-72
MERGED from [com.github.yukuku:ambilwarna:2.0.1] AndroidManifest.xml:8:5-10:41
MERGED from [com.flyco.tablayout:FlycoTabLayout_Lib:2.0.8] AndroidManifest.xml:7:5-9:41
MERGED from [com.lzy.net:okserver:1.1.0] AndroidManifest.xml:7:5-9:41
MERGED from [com.lzy.net:okgo:2.0.0] AndroidManifest.xml:7:5-9:41
MERGED from [:SMSSDK-2.1.2:] AndroidManifest.xml:7:5-9:41
MERGED from [:SMSSDKGUI-2.1.2:] AndroidManifest.xml:7:5-9:41
MERGED from [com.lzy.widget:imagepicker:0.3.2] AndroidManifest.xml:7:5-9:41
MERGED from [com.github.chrisbanes.photoview:library:1.2.4] AndroidManifest.xml:7:5-9:41
MERGED from [com.yqritc:recyclerview-flexibledivider:1.4.0] AndroidManifest.xml:8:5-10:41
MERGED from [com.kyleduo.switchbutton:library:1.4.4] AndroidManifest.xml:8:5-10:41
MERGED from [WaiBaoFBEPUB:Refreshlibrary:unspecified] AndroidManifest.xml:7:5-9:41
MERGED from [com.afollestad.material-dialogs:commons:0.9.0.2] AndroidManifest.xml:8:5-10:41
MERGED from [com.afollestad.material-dialogs:core:0.9.0.2] AndroidManifest.xml:8:5-11:75
MERGED from [me.zhanghai.android.materialprogressbar:library:1.1.7] AndroidManifest.xml:12:5-14:41
MERGED from [com.github.shaohui10086:bottomdialog:unspecified] AndroidManifest.xml:7:5-9:41
MERGED from [me.codeboy.android:align-text-view:2.3.0] AndroidManifest.xml:8:5-10:41
MERGED from [WaiBaoFBEPUB:recyclerview-swipe:unspecified] AndroidManifest.xml:6:5-8:41
	tools:overrideLibrary
		ADDED from [com.android.support:support-v4:24.2.1] AndroidManifest.xml:23:9-51
	android:targetSdkVersion
		INJECTED from src\main\AndroidManifest.xml
		INJECTED from src\main\AndroidManifest.xml
	android:minSdkVersion
		INJECTED from src\main\AndroidManifest.xml
		INJECTED from src\main\AndroidManifest.xml
service#com.lzy.okserver.download.DownloadService
ADDED from [com.lzy.net:okserver:1.1.0] AndroidManifest.xml:12:9-77
	android:name
		ADDED from [com.lzy.net:okserver:1.1.0] AndroidManifest.xml:12:18-74
uses-permission#android.permission.MOUNT_UNMOUNT_FILESYSTEMS
ADDED from [com.lzy.net:okgo:2.0.0] AndroidManifest.xml:14:5-84
MERGED from [com.lzy.widget:imagepicker:0.3.2] AndroidManifest.xml:12:5-84
	android:name
		ADDED from [com.lzy.net:okgo:2.0.0] AndroidManifest.xml:14:22-81
uses-permission#android.permission.CAMERA
ADDED from [com.lzy.widget:imagepicker:0.3.2] AndroidManifest.xml:18:5-65
	android:name
		ADDED from [com.lzy.widget:imagepicker:0.3.2] AndroidManifest.xml:18:22-62
activity#com.lzy.imagepicker.ui.ImageBaseActivity
ADDED from [com.lzy.widget:imagepicker:0.3.2] AndroidManifest.xml:21:9-77
	android:name
		ADDED from [com.lzy.widget:imagepicker:0.3.2] AndroidManifest.xml:21:19-74
activity#com.lzy.imagepicker.ui.ImageGridActivity
ADDED from [com.lzy.widget:imagepicker:0.3.2] AndroidManifest.xml:22:9-25:55
	android:configChanges
		ADDED from [com.lzy.widget:imagepicker:0.3.2] AndroidManifest.xml:24:13-59
	android:theme
		ADDED from [com.lzy.widget:imagepicker:0.3.2] AndroidManifest.xml:25:13-52
	android:name
		ADDED from [com.lzy.widget:imagepicker:0.3.2] AndroidManifest.xml:23:13-68
activity#com.lzy.imagepicker.ui.ImageCropActivity
ADDED from [com.lzy.widget:imagepicker:0.3.2] AndroidManifest.xml:26:9-30:55
	android:hardwareAccelerated
		ADDED from [com.lzy.widget:imagepicker:0.3.2] AndroidManifest.xml:29:13-48
	android:configChanges
		ADDED from [com.lzy.widget:imagepicker:0.3.2] AndroidManifest.xml:28:13-59
	android:theme
		ADDED from [com.lzy.widget:imagepicker:0.3.2] AndroidManifest.xml:30:13-52
	android:name
		ADDED from [com.lzy.widget:imagepicker:0.3.2] AndroidManifest.xml:27:13-68
activity#com.lzy.imagepicker.ui.ImagePreviewActivity
ADDED from [com.lzy.widget:imagepicker:0.3.2] AndroidManifest.xml:31:9-34:65
	android:configChanges
		ADDED from [com.lzy.widget:imagepicker:0.3.2] AndroidManifest.xml:33:13-59
	android:theme
		ADDED from [com.lzy.widget:imagepicker:0.3.2] AndroidManifest.xml:34:13-62
	android:name
		ADDED from [com.lzy.widget:imagepicker:0.3.2] AndroidManifest.xml:32:13-71